# JRE version: OpenJDK Runtime Environment (21.0.10) (build 21.0.10+-14961533-b1163.108)
# Java VM: OpenJDK 64-Bit Server VM (21.0.10+-14961533-b1163.108, mixed mode, tiered, compressed oops, compressed class ptrs, g1 gc, windows-amd64)
GC Precious Log:
 CardTable entry size: 512
 Card Set container configuration: InlinePtr #cards 4 size 8 Array Of Cards #cards 16 size 48 Howl #buckets 8 coarsen threshold 3686 Howl Bitmap #cards 512 size 80 coarsen threshold 460 Card regions per heap region 1 cards per card region 4096
 CPUs: 4 total, 4 available
 Memory: 8109M
 Large Page Support: Disabled
 NUMA Support: Disabled
 Compressed Oops: Enabled (Zero based)
 Heap Region Size: 2M
 Heap Min Capacity: 8M
 Heap Initial Capacity: 128M
 Heap Max Capacity: 3G
 Pre-touch: Disabled
 Parallel Workers: 4
 Concurrent Workers: 1
 Concurrent Refinement Workers: 4
 Periodic GC: Disabled
Heap:
 garbage-first heap   total 468992K, used 285167K [0x0000000740000000, 0x0000000800000000)
  region size 2048K, 3 young (6144K), 3 survivors (6144K)
 Metaspace       used 175276K, committed 178176K, reserved 1048576K
  class space    used 24170K, committed 25600K, reserved 851968K
GC Heap History (20 events):
Event: 979.367 GC heap after
{Heap after GC invocations=77 (full 0):
 garbage-first heap   total 393216K, used 233602K [0x0000000740000000, 0x0000000800000000)
  region size 2048K, 7 young (14336K), 7 survivors (14336K)
 Metaspace       used 167389K, committed 170176K, reserved 1048576K
  class space    used 23272K, committed 24640K, reserved 851968K
}
Event: 1713.753 GC heap before
{Heap before GC invocations=78 (full 0):
 garbage-first heap   total 393216K, used 389250K [0x0000000740000000, 0x0000000800000000)
  region size 2048K, 40 young (81920K), 7 survivors (14336K)
 Metaspace       used 169682K, committed 172480K, reserved 1048576K
  class space    used 23576K, committed 24960K, reserved 851968K
}
Event: 1713.978 GC heap after
{Heap after GC invocations=79 (full 0):
 garbage-first heap   total 407552K, used 233512K [0x0000000740000000, 0x0000000800000000)
  region size 2048K, 5 young (10240K), 5 survivors (10240K)
 Metaspace       used 169682K, committed 172480K, reserved 1048576K
  class space    used 23576K, committed 24960K, reserved 851968K
}
Event: 1765.266 GC heap before
{Heap before GC invocations=79 (full 0):
 garbage-first heap   total 407552K, used 383016K [0x0000000740000000, 0x0000000800000000)
  region size 2048K, 78 young (159744K), 5 survivors (10240K)
 Metaspace       used 169888K, committed 172672K, reserved 1048576K
  class space    used 23585K, committed 24960K, reserved 851968K
}
Event: 1765.381 GC heap after
{Heap after GC invocations=80 (full 0):
 garbage-first heap   total 413696K, used 240973K [0x0000000740000000, 0x0000000800000000)
  region size 2048K, 10 young (20480K), 10 survivors (20480K)
 Metaspace       used 169888K, committed 172672K, reserved 1048576K
  class space    used 23585K, committed 24960K, reserved 851968K
}
Event: 2199.091 GC heap before
{Heap before GC invocations=80 (full 0):
 garbage-first heap   total 413696K, used 384333K [0x0000000740000000, 0x0000000800000000)
  region size 2048K, 81 young (165888K), 10 survivors (20480K)
 Metaspace       used 173774K, committed 176640K, reserved 1048576K
  class space    used 24059K, committed 25472K, reserved 851968K
}
Event: 2199.259 GC heap after
{Heap after GC invocations=81 (full 0):
 garbage-first heap   total 419840K, used 252776K [0x0000000740000000, 0x0000000800000000)
  region size 2048K, 6 young (12288K), 6 survivors (12288K)
 Metaspace       used 173774K, committed 176640K, reserved 1048576K
  class space    used 24059K, committed 25472K, reserved 851968K
}
Event: 2202.992 GC heap before
{Heap before GC invocations=82 (full 0):
 garbage-first heap   total 423936K, used 392040K [0x0000000740000000, 0x0000000800000000)
  region size 2048K, 74 young (151552K), 6 survivors (12288K)
 Metaspace       used 173926K, committed 176768K, reserved 1048576K
  class space    used 24079K, committed 25472K, reserved 851968K
}
Event: 2203.027 GC heap after
{Heap after GC invocations=83 (full 0):
 garbage-first heap   total 423936K, used 265029K [0x0000000740000000, 0x0000000800000000)
  region size 2048K, 10 young (20480K), 10 survivors (20480K)
 Metaspace       used 173926K, committed 176768K, reserved 1048576K
  class space    used 24079K, committed 25472K, reserved 851968K
}
Event: 2217.701 GC heap before
{Heap before GC invocations=83 (full 0):
 garbage-first heap   total 423936K, used 392005K [0x0000000740000000, 0x0000000800000000)
  region size 2048K, 73 young (149504K), 10 survivors (20480K)
 Metaspace       used 174814K, committed 177792K, reserved 1048576K
  class space    used 24166K, committed 25600K, reserved 851968K
}
Event: 2218.274 GC heap after
{Heap after GC invocations=84 (full 0):
 garbage-first heap   total 438272K, used 274840K [0x0000000740000000, 0x0000000800000000)
  region size 2048K, 7 young (14336K), 7 survivors (14336K)
 Metaspace       used 174814K, committed 177792K, reserved 1048576K
  class space    used 24166K, committed 25600K, reserved 851968K
}
Event: 2224.208 GC heap before
{Heap before GC invocations=84 (full 0):
 garbage-first heap   total 438272K, used 401816K [0x0000000740000000, 0x0000000800000000)
  region size 2048K, 70 young (143360K), 7 survivors (14336K)
 Metaspace       used 174919K, committed 177856K, reserved 1048576K
  class space    used 24166K, committed 25600K, reserved 851968K
}
Event: 2224.350 GC heap after
{Heap after GC invocations=85 (full 0):
 garbage-first heap   total 438272K, used 281581K [0x0000000740000000, 0x0000000800000000)
  region size 2048K, 4 young (8192K), 4 survivors (8192K)
 Metaspace       used 174919K, committed 177856K, reserved 1048576K
  class space    used 24166K, committed 25600K, reserved 851968K
}
Event: 2233.076 GC heap before
{Heap before GC invocations=86 (full 0):
 garbage-first heap   total 468992K, used 406509K [0x0000000740000000, 0x0000000800000000)
  region size 2048K, 66 young (135168K), 4 survivors (8192K)
 Metaspace       used 174968K, committed 177920K, reserved 1048576K
  class space    used 24165K, committed 25600K, reserved 851968K
}
Event: 2233.183 GC heap after
{Heap after GC invocations=87 (full 0):
 garbage-first heap   total 468992K, used 289792K [0x0000000740000000, 0x0000000800000000)
  region size 2048K, 8 young (16384K), 8 survivors (16384K)
 Metaspace       used 174968K, committed 177920K, reserved 1048576K
  class space    used 24165K, committed 25600K, reserved 851968K
}
Event: 2234.529 GC heap before
{Heap before GC invocations=87 (full 0):
 garbage-first heap   total 468992K, used 408576K [0x0000000740000000, 0x0000000800000000)
  region size 2048K, 67 young (137216K), 8 survivors (16384K)
 Metaspace       used 175048K, committed 177984K, reserved 1048576K
  class space    used 24165K, committed 25600K, reserved 851968K
}
Event: 2234.631 GC heap after
{Heap after GC invocations=88 (full 0):
 garbage-first heap   total 468992K, used 297473K [0x0000000740000000, 0x0000000800000000)
  region size 2048K, 9 young (18432K), 9 survivors (18432K)
 Metaspace       used 175048K, committed 177984K, reserved 1048576K
  class space    used 24165K, committed 25600K, reserved 851968K
}
Event: 2234.885 GC heap before
{Heap before GC invocations=88 (full 0):
 garbage-first heap   total 468992K, used 334337K [0x0000000740000000, 0x0000000800000000)
  region size 2048K, 27 young (55296K), 9 survivors (18432K)
 Metaspace       used 175058K, committed 177984K, reserved 1048576K
  class space    used 24165K, committed 25600K, reserved 851968K
}
Event: 2235.041 GC heap after
{Heap after GC invocations=89 (full 0):
 garbage-first heap   total 468992K, used 293682K [0x0000000740000000, 0x0000000800000000)
  region size 2048K, 2 young (4096K), 2 survivors (4096K)
 Metaspace       used 175058K, committed 177984K, reserved 1048576K
  class space    used 24165K, committed 25600K, reserved 851968K
}
Event: 2237.626 GC heap before
{Heap before GC invocations=89 (full 0):
 garbage-first heap   total 468992K, used 430898K [0x0000000740000000, 0x0000000800000000)
  region size 2048K, 69 young (141312K), 2 survivors (4096K)
 Metaspace       used 175276K, committed 178176K, reserved 1048576K
  class space    used 24170K, committed 25600K, reserved 851968K
}

